-------------------------------------------------------------------------------
Test set: com.training.ProductServiceTest
-------------------------------------------------------------------------------
Tests run: 3, Failures: 1, Errors: 0, Skipped: 0, Time elapsed: 0.073 s <<< FAILURE! - in com.training.ProductServiceTest
testFindProductLength  Time elapsed: 0.016 s  <<< FAILURE!
org.opentest4j.AssertionFailedError: expected: <4> but was: <5>
	at com.training.ProductServiceTest.testFindProductLength(ProductServiceTest.java:39)

